2025-01-31T21:39:26.376Z [undefined] info: Logger info
2025-01-31T21:40:17.615Z [undefined] info: Logger info
2025-01-31T21:40:17.618Z [undefined] warn: logger warn
2025-01-31T21:40:17.618Z [undefined] error: logger error
2025-01-31T21:40:53.892Z [undefined] info: Logger info
2025-01-31T21:40:53.896Z [undefined] warn: logger warn
2025-01-31T21:40:53.897Z [undefined] error: logger error
2025-01-31T21:41:08.681Z [undefined] info: Logger info
2025-01-31T21:41:08.687Z [undefined] warn: logger warn
2025-01-31T21:41:08.687Z [undefined] error: logger error
2025-01-31T21:42:15.770Z [undefined] [32minfo[39m: Logger info
2025-01-31T21:42:15.775Z [undefined] [33mwarn[39m: logger warn
2025-01-31T21:42:15.776Z [undefined] [31merror[39m: logger error
2025-01-31T21:45:20.940Z [undefined] [32minfo[39m: Logger info
2025-01-31T21:45:20.948Z [undefined] [33mwarn[39m: logger warn
2025-01-31T21:45:20.949Z [undefined] [31merror[39m: logger error
2025-01-31T21:46:26.512Z [undefined] [32minfo[39m: Logger info
2025-01-31T21:46:26.518Z [undefined] [33mwarn[39m: logger warn
2025-01-31T21:46:26.518Z [undefined] [31merror[39m: logger error
2025-01-31T21:53:02.279Z [undefined] [32minfo[39m: Logger info
2025-01-31T21:53:02.289Z [undefined] [33mwarn[39m: logger warn
2025-01-31T21:53:02.290Z [undefined] [31merror[39m: logger error
2025-01-31T22:13:04.996Z [undefined] [32minfo[39m: Logger info
2025-01-31T22:13:05.001Z [undefined] [33mwarn[39m: logger warn
2025-01-31T22:13:05.003Z [undefined] [31merror[39m: logger error
2025-02-01T12:10:38.105Z [undefined] [32minfo[39m: Logger info
2025-02-01T12:10:38.118Z [undefined] [33mwarn[39m: logger warn
2025-02-01T12:10:38.120Z [undefined] [31merror[39m: logger error
2025-02-01T12:16:24.966Z [undefined] [32minfo[39m: Logger info
2025-02-01T12:16:24.972Z [undefined] [33mwarn[39m: logger warn
2025-02-01T12:16:24.973Z [undefined] [31merror[39m: logger error
2025-02-01T12:27:06.457Z [undefined] [32minfo[39m: Logger info
2025-02-01T12:27:06.463Z [undefined] [33mwarn[39m: logger warn
2025-02-01T12:27:06.464Z [undefined] [31merror[39m: logger error
2025-02-01T12:29:00.668Z [undefined] [32minfo[39m: Logger info
2025-02-01T12:29:00.673Z [undefined] [33mwarn[39m: logger warn
2025-02-01T12:29:00.674Z [undefined] [31merror[39m: logger error
2025-02-01T12:30:09.122Z [undefined] [32minfo[39m: Logger info
2025-02-01T12:30:09.128Z [undefined] [33mwarn[39m: logger warn
2025-02-01T12:30:09.128Z [undefined] [31merror[39m: logger error
2025-02-01T12:30:17.438Z [undefined] [32minfo[39m: Logger info
2025-02-01T12:30:17.444Z [undefined] [33mwarn[39m: logger warn
2025-02-01T12:30:17.445Z [undefined] [31merror[39m: logger error
2025-02-01T12:31:39.804Z [undefined] [32minfo[39m: Logger info
2025-02-01T12:31:39.812Z [undefined] [33mwarn[39m: logger warn
2025-02-01T12:31:39.814Z [undefined] [31merror[39m: logger error
2025-02-01T12:32:12.589Z [undefined] [32minfo[39m: Logger info
2025-02-01T12:32:12.595Z [undefined] [33mwarn[39m: logger warn
2025-02-01T12:32:12.596Z [undefined] [31merror[39m: logger error
2025-02-01T12:32:35.203Z [undefined] [32minfo[39m: Logger info
2025-02-01T12:32:35.210Z [undefined] [33mwarn[39m: logger warn
2025-02-01T12:32:35.211Z [undefined] [31merror[39m: logger error
2025-02-01T12:34:32.502Z [undefined] [32minfo[39m: Logger info
2025-02-01T12:34:32.510Z [undefined] [33mwarn[39m: logger warn
2025-02-01T12:34:32.511Z [undefined] [31merror[39m: logger error
2025-02-01T12:35:31.649Z [undefined] [32minfo[39m: Logger info
2025-02-01T12:35:31.655Z [undefined] [33mwarn[39m: logger warn
2025-02-01T12:35:31.657Z [undefined] [31merror[39m: logger error
2025-02-01T12:39:19.964Z [undefined] [32minfo[39m: Logger info
2025-02-01T12:39:19.971Z [undefined] [33mwarn[39m: logger warn
2025-02-01T12:39:19.972Z [undefined] [31merror[39m: logger error
2025-02-01T12:46:01.372Z [undefined] [32minfo[39m: Logger info
2025-02-01T12:46:01.378Z [undefined] [33mwarn[39m: logger warn
2025-02-01T12:46:01.379Z [undefined] [31merror[39m: logger error
2025-02-01T12:46:34.561Z [undefined] [32minfo[39m: Logger info
2025-02-01T12:46:34.566Z [undefined] [33mwarn[39m: logger warn
2025-02-01T12:46:34.567Z [undefined] [31merror[39m: logger error
2025-02-01T12:47:27.563Z [undefined] [32minfo[39m: Logger info
2025-02-01T12:47:27.571Z [undefined] [33mwarn[39m: logger warn
2025-02-01T12:47:27.572Z [undefined] [31merror[39m: logger error
2025-02-01T12:47:51.087Z [undefined] [32minfo[39m: Logger info
2025-02-01T12:47:51.095Z [undefined] [33mwarn[39m: logger warn
2025-02-01T12:47:51.096Z [undefined] [31merror[39m: logger error
2025-02-01T12:48:06.440Z [undefined] [32minfo[39m: Logger info
2025-02-01T12:48:06.446Z [undefined] [33mwarn[39m: logger warn
2025-02-01T12:48:06.447Z [undefined] [31merror[39m: logger error
2025-02-01T12:48:18.495Z [undefined] [32minfo[39m: Logger info
2025-02-01T12:48:18.501Z [undefined] [33mwarn[39m: logger warn
2025-02-01T12:48:18.502Z [undefined] [31merror[39m: logger error
2025-02-01T12:49:21.668Z [undefined] [32minfo[39m: Logger info
2025-02-01T12:49:21.674Z [undefined] [33mwarn[39m: logger warn
2025-02-01T12:49:21.675Z [undefined] [31merror[39m: logger error
2025-02-01T12:49:33.544Z [undefined] [32minfo[39m: Logger info
2025-02-01T12:49:33.550Z [undefined] [33mwarn[39m: logger warn
2025-02-01T12:49:33.551Z [undefined] [31merror[39m: logger error
2025-02-01T12:49:54.671Z [undefined] [32minfo[39m: Logger info
2025-02-01T12:49:54.677Z [undefined] [33mwarn[39m: logger warn
2025-02-01T12:49:54.677Z [undefined] [31merror[39m: logger error
2025-02-01T12:51:41.253Z [undefined] [32minfo[39m: Logger info
2025-02-01T12:51:41.259Z [undefined] [33mwarn[39m: logger warn
2025-02-01T12:51:41.260Z [undefined] [31merror[39m: logger error
2025-02-01T13:05:47.872Z [undefined] [32minfo[39m: Logger info
2025-02-01T13:05:47.878Z [undefined] [33mwarn[39m: logger warn
2025-02-01T13:05:47.879Z [undefined] [31merror[39m: logger error
2025-02-01T13:06:25.513Z [undefined] [32minfo[39m: Logger info
2025-02-01T13:06:25.520Z [undefined] [33mwarn[39m: logger warn
2025-02-01T13:06:25.521Z [undefined] [31merror[39m: logger error
2025-02-01T13:07:55.221Z [undefined] [32minfo[39m: Logger info
2025-02-01T13:07:55.228Z [undefined] [33mwarn[39m: logger warn
2025-02-01T13:07:55.229Z [undefined] [31merror[39m: logger error
2025-02-01T13:08:15.213Z [undefined] [32minfo[39m: Logger info
2025-02-01T13:08:15.220Z [undefined] [33mwarn[39m: logger warn
2025-02-01T13:08:15.221Z [undefined] [31merror[39m: logger error
2025-02-01T13:13:49.974Z [undefined] [32minfo[39m: Logger info
2025-02-01T13:13:49.980Z [undefined] [33mwarn[39m: logger warn
2025-02-01T13:13:49.980Z [undefined] [31merror[39m: logger error
2025-02-01T13:16:27.945Z [undefined] [32minfo[39m: Logger info
2025-02-01T13:16:27.951Z [undefined] [33mwarn[39m: logger warn
2025-02-01T13:16:27.952Z [undefined] [31merror[39m: logger error
2025-02-01T13:16:39.042Z [undefined] [32minfo[39m: Logger info
2025-02-01T13:16:39.049Z [undefined] [33mwarn[39m: logger warn
2025-02-01T13:16:39.050Z [undefined] [31merror[39m: logger error
2025-02-01T13:19:22.316Z [undefined] [32minfo[39m: Logger info
2025-02-01T13:19:22.322Z [undefined] [33mwarn[39m: logger warn
2025-02-01T13:19:22.323Z [undefined] [31merror[39m: logger error
2025-02-01T13:21:36.963Z [undefined] [32minfo[39m: Logger info
2025-02-01T13:21:36.969Z [undefined] [33mwarn[39m: logger warn
2025-02-01T13:21:36.970Z [undefined] [31merror[39m: logger error
2025-02-01T13:21:42.688Z [undefined] [32minfo[39m: Logger info
2025-02-01T13:21:42.693Z [undefined] [33mwarn[39m: logger warn
2025-02-01T13:21:42.694Z [undefined] [31merror[39m: logger error
2025-02-01T12:47:35.278Z [undefined] [32minfo[39m: Logger info
2025-02-01T12:47:35.285Z [undefined] [33mwarn[39m: logger warn
2025-02-01T12:47:35.286Z [undefined] [31merror[39m: logger error
